<?xml version="1.0" encoding="UTF-8"?>
<!-- Generated by org.testng.reporters.JUnitReportReporter -->
<testsuite skipped="0" hostname="rerajara" name="testcases.TC01_SignIn" tests="2" failures="0" timestamp="11 Sep 2020 12:25:09 GMT" time="68.665" errors="0">
  <testcase name="signIn" time="32.184" classname="testcases.TC01_SignIn"/>
  <testcase name="openApp" time="36.481" classname="testcases.TC01_SignIn"/>
</testsuite> <!-- testcases.TC01_SignIn -->
