<?xml version="1.0" encoding="UTF-8"?>
<!-- Generated by org.testng.reporters.JUnitReportReporter -->
<testsuite skipped="0" hostname="rerajara" name="testcases.appSignin" tests="2" failures="0" timestamp="11 Sep 2020 11:18:00 GMT" time="68.290" errors="0">
  <testcase name="signIn" time="38.181" classname="testcases.appSignin"/>
  <testcase name="openApp" time="30.109" classname="testcases.appSignin"/>
</testsuite> <!-- testcases.appSignin -->
