<?xml version="1.0" encoding="UTF-8"?>
<!-- Generated by org.testng.reporters.JUnitReportReporter -->
<testsuite skipped="0" hostname="rerajara" name="testcases.TC01" tests="2" failures="0" timestamp="11 Sep 2020 11:23:27 GMT" time="62.541" errors="0">
  <testcase name="signIn" time="30.556" classname="testcases.TC01"/>
  <testcase name="openApp" time="31.985" classname="testcases.TC01"/>
</testsuite> <!-- testcases.TC01 -->
